<?xml version="1.0" encoding="UTF-8"?>
<!-- Generated by org.testng.reporters.JUnitReportReporter -->
<testsuite hostname="Praful" failures="0" tests="10" name="Runner.RunnerTest" time="2.088" errors="0" timestamp="2025-01-14T06:55:16 IST" skipped="0">
  <testcase classname="Runner.RunnerTest" name="runScenario" time="0.029"/>
  <system-out/>
  <testcase classname="Runner.RunnerTest" name="runScenario" time="1.791"/>
  <system-out/>
  <testcase classname="Runner.RunnerTest" name="runScenario" time="0.031"/>
  <system-out/>
  <testcase classname="Runner.RunnerTest" name="runScenario" time="0.030"/>
  <system-out/>
  <testcase classname="Runner.RunnerTest" name="runScenario" time="0.017"/>
  <system-out/>
  <testcase classname="Runner.RunnerTest" name="runScenario" time="0.019"/>
  <system-out/>
  <testcase classname="Runner.RunnerTest" name="runScenario" time="0.024"/>
  <system-out/>
  <testcase classname="Runner.RunnerTest" name="runScenario" time="0.064"/>
  <system-out/>
  <testcase classname="Runner.RunnerTest" name="runScenario" time="0.050"/>
  <system-out/>
  <testcase classname="Runner.RunnerTest" name="runScenario" time="0.033"/>
  <system-out/>
</testsuite> <!-- Runner.RunnerTest -->
